<?xml version="1.0"?>
<!DOCTYPE coverage SYSTEM "http://cobertura.sourceforge.net/xml/coverage-04.dtd">

<coverage line-rate="0.8359375" branch-rate="0.85" lines-covered="107" lines-valid="128" branches-covered="34" branches-valid="40" complexity="2.0454545454545454" version="2.1.1" timestamp="1465182605107">
	<sources>
		<source>--source</source>
		<source>/home/samukaup/Pathfinder/src/main/java</source>
	</sources>
	<packages>
		<package name="pathfinder" line-rate="0.8359375" branch-rate="0.85" complexity="2.0454545454545454">
			<classes>
				<class name="pathfinder.AStar" filename="pathfinder/AStar.java" line-rate="0.0" branch-rate="1.0" complexity="0.0">
					<methods>
						<method name="&lt;init&gt;" signature="()V" line-rate="0.0" branch-rate="1.0" complexity="0">
							<lines>
								<line number="7" hits="0" branch="false"/>
							</lines>
						</method>
					</methods>
					<lines>
						<line number="7" hits="0" branch="false"/>
					</lines>
				</class>
				<class name="pathfinder.Dijkstra" filename="pathfinder/Dijkstra.java" line-rate="1.0" branch-rate="1.0" complexity="2.25">
					<methods>
						<method name="&lt;init&gt;" signature="(Lpathfinder/Verkko;)V" line-rate="1.0" branch-rate="1.0" complexity="0">
							<lines>
								<line number="17" hits="2" branch="false"/>
								<line number="18" hits="2" branch="false"/>
								<line number="19" hits="2" branch="false"/>
							</lines>
						</method>
						<method name="dijkstraAlgoritmi" signature="(Lpathfinder/Solmu;)V" line-rate="1.0" branch-rate="1.0" complexity="0">
							<lines>
								<line number="27" hits="2" branch="false"/>
								<line number="28" hits="2" branch="false"/>
								<line number="29" hits="2" branch="false"/>
								<line number="30" hits="2" branch="false"/>
								<line number="32" hits="12" branch="true" condition-coverage="100% (2/2)">
									<conditions>
										<condition number="0" type="jump" coverage="100%"/>
									</conditions>
								</line>
								<line number="33" hits="10" branch="false"/>
								<line number="34" hits="10" branch="false"/>
								<line number="35" hits="10" branch="false"/>
								<line number="36" hits="30" branch="true" condition-coverage="100% (2/2)">
									<conditions>
										<condition number="0" type="jump" coverage="100%"/>
									</conditions>
								</line>
								<line number="37" hits="20" branch="true" condition-coverage="100% (2/2)">
									<conditions>
										<condition number="0" type="jump" coverage="100%"/>
									</conditions>
								</line>
								<line number="38" hits="8" branch="false"/>
								<line number="39" hits="8" branch="false"/>
								<line number="42" hits="20" branch="true" condition-coverage="100% (2/2)">
									<conditions>
										<condition number="0" type="jump" coverage="100%"/>
									</conditions>
								</line>
								<line number="43" hits="10" branch="false"/>
								<line number="44" hits="10" branch="false"/>
								<line number="46" hits="20" branch="false"/>
								<line number="48" hits="10" branch="false"/>
								<line number="49" hits="2" branch="false"/>
							</lines>
						</method>
						<method name="etsiLyhinReitti" signature="(I)V" line-rate="1.0" branch-rate="1.0" complexity="0">
							<lines>
								<line number="58" hits="1" branch="false"/>
								<line number="59" hits="6" branch="true" condition-coverage="100% (2/2)">
									<conditions>
										<condition number="0" type="jump" coverage="100%"/>
									</conditions>
								</line>
								<line number="60" hits="5" branch="false"/>
								<line number="62" hits="1" branch="false"/>
							</lines>
						</method>
						<method name="etsiLyhinReitti" signature="(II)V" line-rate="1.0" branch-rate="1.0" complexity="0">
							<lines>
								<line number="71" hits="1" branch="false"/>
								<line number="72" hits="1" branch="false"/>
								<line number="73" hits="1" branch="false"/>
							</lines>
						</method>
					</methods>
					<lines>
						<line number="17" hits="2" branch="false"/>
						<line number="18" hits="2" branch="false"/>
						<line number="19" hits="2" branch="false"/>
						<line number="27" hits="2" branch="false"/>
						<line number="28" hits="2" branch="false"/>
						<line number="29" hits="2" branch="false"/>
						<line number="30" hits="2" branch="false"/>
						<line number="32" hits="12" branch="true" condition-coverage="100% (2/2)">
							<conditions>
								<condition number="0" type="jump" coverage="100%"/>
							</conditions>
						</line>
						<line number="33" hits="10" branch="false"/>
						<line number="34" hits="10" branch="false"/>
						<line number="35" hits="10" branch="false"/>
						<line number="36" hits="30" branch="true" condition-coverage="100% (2/2)">
							<conditions>
								<condition number="0" type="jump" coverage="100%"/>
							</conditions>
						</line>
						<line number="37" hits="20" branch="true" condition-coverage="100% (2/2)">
							<conditions>
								<condition number="0" type="jump" coverage="100%"/>
							</conditions>
						</line>
						<line number="38" hits="8" branch="false"/>
						<line number="39" hits="8" branch="false"/>
						<line number="42" hits="20" branch="true" condition-coverage="100% (2/2)">
							<conditions>
								<condition number="0" type="jump" coverage="100%"/>
							</conditions>
						</line>
						<line number="43" hits="10" branch="false"/>
						<line number="44" hits="10" branch="false"/>
						<line number="46" hits="20" branch="false"/>
						<line number="48" hits="10" branch="false"/>
						<line number="49" hits="2" branch="false"/>
						<line number="58" hits="1" branch="false"/>
						<line number="59" hits="6" branch="true" condition-coverage="100% (2/2)">
							<conditions>
								<condition number="0" type="jump" coverage="100%"/>
							</conditions>
						</line>
						<line number="60" hits="5" branch="false"/>
						<line number="62" hits="1" branch="false"/>
						<line number="71" hits="1" branch="false"/>
						<line number="72" hits="1" branch="false"/>
						<line number="73" hits="1" branch="false"/>
					</lines>
				</class>
				<class name="pathfinder.Keko" filename="pathfinder/Keko.java" line-rate="0.9137931034482759" branch-rate="0.8333333333333334" complexity="2.1818181818181817">
					<methods>
						<method name="&lt;init&gt;" signature="(I)V" line-rate="1.0" branch-rate="1.0" complexity="0">
							<lines>
								<line number="16" hits="14" branch="false"/>
								<line number="17" hits="14" branch="false"/>
								<line number="18" hits="14" branch="false"/>
								<line number="19" hits="14" branch="false"/>
							</lines>
						</method>
						<method name="getKeko" signature="()[Lpathfinder/Solmu;" line-rate="1.0" branch-rate="1.0" complexity="0">
							<lines>
								<line number="149" hits="2" branch="false"/>
							</lines>
						</method>
						<method name="heapify" signature="(Lpathfinder/Solmu;)V" line-rate="1.0" branch-rate="0.75" complexity="0">
							<lines>
								<line number="67" hits="19" branch="true" condition-coverage="50% (1/2)">
									<conditions>
										<condition number="0" type="jump" coverage="50%"/>
									</conditions>
								</line>
								<line number="68" hits="19" branch="true" condition-coverage="100% (2/2)">
									<conditions>
										<condition number="0" type="jump" coverage="100%"/>
									</conditions>
								</line>
								<line number="69" hits="10" branch="false"/>
								<line number="70" hits="10" branch="false"/>
								<line number="73" hits="10" branch="false"/>
							</lines>
						</method>
						<method name="heapifyYlos" signature="(I)V" line-rate="0.75" branch-rate="0.75" complexity="0">
							<lines>
								<line number="80" hits="42" branch="false"/>
								<line number="81" hits="42" branch="false"/>
								<line number="82" hits="42" branch="false"/>
								<line number="83" hits="42" branch="true" condition-coverage="100% (2/2)">
									<conditions>
										<condition number="0" type="jump" coverage="100%"/>
									</conditions>
								</line>
								<line number="84" hits="3" branch="false"/>
								<line number="85" hits="3" branch="false"/>
								<line number="86" hits="3" branch="true" condition-coverage="50% (1/2)">
									<conditions>
										<condition number="0" type="jump" coverage="50%"/>
									</conditions>
								</line>
								<line number="87" hits="3" branch="false"/>
								<line number="89" hits="0" branch="false"/>
								<line number="90" hits="0" branch="false"/>
								<line number="91" hits="0" branch="false"/>
								<line number="93" hits="42" branch="false"/>
							</lines>
						</method>
						<method name="jarjestaKeko" signature="(I)V" line-rate="0.8666666666666667" branch-rate="0.75" complexity="0">
							<lines>
								<line number="100" hits="13" branch="true" condition-coverage="100% (2/2)">
									<conditions>
										<condition number="0" type="jump" coverage="100%"/>
									</conditions>
								</line>
								<line number="102" hits="8" branch="false"/>
								<line number="103" hits="8" branch="false"/>
								<line number="104" hits="8" branch="false"/>
								<line number="107" hits="8" branch="true" condition-coverage="100% (2/2)">
									<conditions>
										<condition number="0" type="jump" coverage="100%"/>
									</conditions>
								</line>
								<line number="108" hits="3" branch="false"/>
								<line number="110" hits="3" branch="true" condition-coverage="50% (1/2)">
									<conditions>
										<condition number="0" type="jump" coverage="50%"/>
									</conditions>
								</line>
								<line number="111" hits="3" branch="false"/>
								<line number="112" hits="3" branch="false"/>
								<line number="113" hits="3" branch="false"/>
								<line number="114" hits="3" branch="false"/>
								<line number="115" hits="3" branch="false"/>
								<line number="116" hits="3" branch="true" condition-coverage="50% (1/2)">
									<conditions>
										<condition number="0" type="jump" coverage="50%"/>
									</conditions>
								</line>
								<line number="117" hits="0" branch="false"/>
								<line number="119" hits="0" branch="false"/>
							</lines>
						</method>
						<method name="lisaa" signature="(Lpathfinder/Solmu;)V" line-rate="1.0" branch-rate="1.0" complexity="0">
							<lines>
								<line number="26" hits="32" branch="false"/>
								<line number="27" hits="32" branch="false"/>
								<line number="28" hits="32" branch="false"/>
							</lines>
						</method>
						<method name="poista" signature="()Lpathfinder/Solmu;" line-rate="1.0" branch-rate="1.0" complexity="0">
							<lines>
								<line number="35" hits="12" branch="false"/>
								<line number="36" hits="12" branch="false"/>
								<line number="37" hits="12" branch="false"/>
								<line number="38" hits="12" branch="false"/>
								<line number="39" hits="12" branch="false"/>
								<line number="40" hits="12" branch="false"/>
							</lines>
						</method>
						<method name="tarkastaIndexinArvo" signature="(II)I" line-rate="1.0" branch-rate="1.0" complexity="0">
							<lines>
								<line number="138" hits="6" branch="true" condition-coverage="100% (2/2)">
									<conditions>
										<condition number="0" type="jump" coverage="100%"/>
									</conditions>
								</line>
								<line number="139" hits="3" branch="false"/>
								<line number="140" hits="3" branch="true" condition-coverage="100% (2/2)">
									<conditions>
										<condition number="0" type="jump" coverage="100%"/>
									</conditions>
								</line>
								<line number="141" hits="1" branch="false"/>
								<line number="143" hits="2" branch="false"/>
								<line number="145" hits="6" branch="false"/>
							</lines>
						</method>
						<method name="tarkastaOnkoLapsia" signature="(I)Z" line-rate="1.0" branch-rate="1.0" complexity="0">
							<lines>
								<line number="127" hits="13" branch="true" condition-coverage="100% (2/2)">
									<conditions>
										<condition number="0" type="jump" coverage="100%"/>
									</conditions>
								</line>
							</lines>
						</method>
						<method name="tyhja" signature="()Z" line-rate="1.0" branch-rate="1.0" complexity="0">
							<lines>
								<line number="59" hits="16" branch="true" condition-coverage="100% (2/2)">
									<conditions>
										<condition number="0" type="jump" coverage="100%"/>
									</conditions>
								</line>
							</lines>
						</method>
						<method name="vaihda" signature="(II)V" line-rate="1.0" branch-rate="1.0" complexity="0">
							<lines>
								<line number="49" hits="19" branch="false"/>
								<line number="50" hits="19" branch="false"/>
								<line number="51" hits="19" branch="false"/>
								<line number="52" hits="19" branch="false"/>
							</lines>
						</method>
					</methods>
					<lines>
						<line number="16" hits="14" branch="false"/>
						<line number="17" hits="14" branch="false"/>
						<line number="18" hits="14" branch="false"/>
						<line number="19" hits="14" branch="false"/>
						<line number="26" hits="32" branch="false"/>
						<line number="27" hits="32" branch="false"/>
						<line number="28" hits="32" branch="false"/>
						<line number="35" hits="12" branch="false"/>
						<line number="36" hits="12" branch="false"/>
						<line number="37" hits="12" branch="false"/>
						<line number="38" hits="12" branch="false"/>
						<line number="39" hits="12" branch="false"/>
						<line number="40" hits="12" branch="false"/>
						<line number="49" hits="19" branch="false"/>
						<line number="50" hits="19" branch="false"/>
						<line number="51" hits="19" branch="false"/>
						<line number="52" hits="19" branch="false"/>
						<line number="59" hits="16" branch="true" condition-coverage="100% (2/2)">
							<conditions>
								<condition number="0" type="jump" coverage="100%"/>
							</conditions>
						</line>
						<line number="67" hits="19" branch="true" condition-coverage="50% (1/2)">
							<conditions>
								<condition number="0" type="jump" coverage="50%"/>
							</conditions>
						</line>
						<line number="68" hits="19" branch="true" condition-coverage="100% (2/2)">
							<conditions>
								<condition number="0" type="jump" coverage="100%"/>
							</conditions>
						</line>
						<line number="69" hits="10" branch="false"/>
						<line number="70" hits="10" branch="false"/>
						<line number="73" hits="10" branch="false"/>
						<line number="80" hits="42" branch="false"/>
						<line number="81" hits="42" branch="false"/>
						<line number="82" hits="42" branch="false"/>
						<line number="83" hits="42" branch="true" condition-coverage="100% (2/2)">
							<conditions>
								<condition number="0" type="jump" coverage="100%"/>
							</conditions>
						</line>
						<line number="84" hits="3" branch="false"/>
						<line number="85" hits="3" branch="false"/>
						<line number="86" hits="3" branch="true" condition-coverage="50% (1/2)">
							<conditions>
								<condition number="0" type="jump" coverage="50%"/>
							</conditions>
						</line>
						<line number="87" hits="3" branch="false"/>
						<line number="89" hits="0" branch="false"/>
						<line number="90" hits="0" branch="false"/>
						<line number="91" hits="0" branch="false"/>
						<line number="93" hits="42" branch="false"/>
						<line number="100" hits="13" branch="true" condition-coverage="100% (2/2)">
							<conditions>
								<condition number="0" type="jump" coverage="100%"/>
							</conditions>
						</line>
						<line number="102" hits="8" branch="false"/>
						<line number="103" hits="8" branch="false"/>
						<line number="104" hits="8" branch="false"/>
						<line number="107" hits="8" branch="true" condition-coverage="100% (2/2)">
							<conditions>
								<condition number="0" type="jump" coverage="100%"/>
							</conditions>
						</line>
						<line number="108" hits="3" branch="false"/>
						<line number="110" hits="3" branch="true" condition-coverage="50% (1/2)">
							<conditions>
								<condition number="0" type="jump" coverage="50%"/>
							</conditions>
						</line>
						<line number="111" hits="3" branch="false"/>
						<line number="112" hits="3" branch="false"/>
						<line number="113" hits="3" branch="false"/>
						<line number="114" hits="3" branch="false"/>
						<line number="115" hits="3" branch="false"/>
						<line number="116" hits="3" branch="true" condition-coverage="50% (1/2)">
							<conditions>
								<condition number="0" type="jump" coverage="50%"/>
							</conditions>
						</line>
						<line number="117" hits="0" branch="false"/>
						<line number="119" hits="0" branch="false"/>
						<line number="127" hits="13" branch="true" condition-coverage="100% (2/2)">
							<conditions>
								<condition number="0" type="jump" coverage="100%"/>
							</conditions>
						</line>
						<line number="138" hits="6" branch="true" condition-coverage="100% (2/2)">
							<conditions>
								<condition number="0" type="jump" coverage="100%"/>
							</conditions>
						</line>
						<line number="139" hits="3" branch="false"/>
						<line number="140" hits="3" branch="true" condition-coverage="100% (2/2)">
							<conditions>
								<condition number="0" type="jump" coverage="100%"/>
							</conditions>
						</line>
						<line number="141" hits="1" branch="false"/>
						<line number="143" hits="2" branch="false"/>
						<line number="145" hits="6" branch="false"/>
						<line number="149" hits="2" branch="false"/>
					</lines>
				</class>
				<class name="pathfinder.Main" filename="pathfinder/Main.java" line-rate="0.0" branch-rate="0.0" complexity="2.0">
					<methods>
						<method name="&lt;init&gt;" signature="()V" line-rate="0.0" branch-rate="1.0" complexity="0">
							<lines>
								<line number="7" hits="0" branch="false"/>
							</lines>
						</method>
						<method name="main" signature="([Ljava/lang/String;)V" line-rate="0.0" branch-rate="0.0" complexity="0">
							<lines>
								<line number="10" hits="0" branch="false"/>
								<line number="11" hits="0" branch="true" condition-coverage="0% (0/2)">
									<conditions>
										<condition number="0" type="jump" coverage="0%"/>
									</conditions>
								</line>
								<line number="12" hits="0" branch="false"/>
								<line number="14" hits="0" branch="false"/>
								<line number="15" hits="0" branch="false"/>
								<line number="16" hits="0" branch="false"/>
								<line number="17" hits="0" branch="false"/>
								<line number="18" hits="0" branch="false"/>
								<line number="19" hits="0" branch="false"/>
								<line number="20" hits="0" branch="false"/>
								<line number="21" hits="0" branch="false"/>
								<line number="22" hits="0" branch="false"/>
								<line number="23" hits="0" branch="false"/>
								<line number="24" hits="0" branch="false"/>
							</lines>
						</method>
					</methods>
					<lines>
						<line number="7" hits="0" branch="false"/>
						<line number="10" hits="0" branch="false"/>
						<line number="11" hits="0" branch="true" condition-coverage="0% (0/2)">
							<conditions>
								<condition number="0" type="jump" coverage="0%"/>
							</conditions>
						</line>
						<line number="12" hits="0" branch="false"/>
						<line number="14" hits="0" branch="false"/>
						<line number="15" hits="0" branch="false"/>
						<line number="16" hits="0" branch="false"/>
						<line number="17" hits="0" branch="false"/>
						<line number="18" hits="0" branch="false"/>
						<line number="19" hits="0" branch="false"/>
						<line number="20" hits="0" branch="false"/>
						<line number="21" hits="0" branch="false"/>
						<line number="22" hits="0" branch="false"/>
						<line number="23" hits="0" branch="false"/>
						<line number="24" hits="0" branch="false"/>
					</lines>
				</class>
				<class name="pathfinder.Naapuri" filename="pathfinder/Naapuri.java" line-rate="1.0" branch-rate="1.0" complexity="1.0">
					<methods>
						<method name="&lt;init&gt;" signature="(IILpathfinder/Naapuri;)V" line-rate="1.0" branch-rate="1.0" complexity="0">
							<lines>
								<line number="19" hits="20" branch="false"/>
								<line number="20" hits="20" branch="false"/>
								<line number="21" hits="20" branch="false"/>
								<line number="22" hits="20" branch="false"/>
								<line number="23" hits="20" branch="false"/>
							</lines>
						</method>
					</methods>
					<lines>
						<line number="19" hits="20" branch="false"/>
						<line number="20" hits="20" branch="false"/>
						<line number="21" hits="20" branch="false"/>
						<line number="22" hits="20" branch="false"/>
						<line number="23" hits="20" branch="false"/>
					</lines>
				</class>
				<class name="pathfinder.Solmu" filename="pathfinder/Solmu.java" line-rate="1.0" branch-rate="1.0" complexity="3.0">
					<methods>
						<method name="&lt;init&gt;" signature="(I)V" line-rate="1.0" branch-rate="1.0" complexity="0">
							<lines>
								<line number="19" hits="40" branch="false"/>
								<line number="20" hits="40" branch="false"/>
								<line number="21" hits="40" branch="false"/>
								<line number="22" hits="40" branch="false"/>
								<line number="23" hits="40" branch="false"/>
							</lines>
						</method>
						<method name="vertaa" signature="(Lpathfinder/Solmu;)I" line-rate="1.0" branch-rate="1.0" complexity="0">
							<lines>
								<line number="33" hits="51" branch="true" condition-coverage="100% (2/2)">
									<conditions>
										<condition number="0" type="jump" coverage="100%"/>
									</conditions>
								</line>
								<line number="34" hits="27" branch="false"/>
								<line number="36" hits="24" branch="true" condition-coverage="100% (2/2)">
									<conditions>
										<condition number="0" type="jump" coverage="100%"/>
									</conditions>
								</line>
								<line number="37" hits="5" branch="false"/>
								<line number="39" hits="19" branch="false"/>
							</lines>
						</method>
					</methods>
					<lines>
						<line number="19" hits="40" branch="false"/>
						<line number="20" hits="40" branch="false"/>
						<line number="21" hits="40" branch="false"/>
						<line number="22" hits="40" branch="false"/>
						<line number="23" hits="40" branch="false"/>
						<line number="33" hits="51" branch="true" condition-coverage="100% (2/2)">
							<conditions>
								<condition number="0" type="jump" coverage="100%"/>
							</conditions>
						</line>
						<line number="34" hits="27" branch="false"/>
						<line number="36" hits="24" branch="true" condition-coverage="100% (2/2)">
							<conditions>
								<condition number="0" type="jump" coverage="100%"/>
							</conditions>
						</line>
						<line number="37" hits="5" branch="false"/>
						<line number="39" hits="19" branch="false"/>
					</lines>
				</class>
				<class name="pathfinder.Tila" filename="pathfinder/Tila.java" line-rate="1.0" branch-rate="1.0" complexity="0.0">
					<methods>
						<method name="&lt;clinit&gt;" signature="()V" line-rate="1.0" branch-rate="1.0" complexity="0">
							<lines>
								<line number="7" hits="4" branch="false"/>
								<line number="9" hits="1" branch="false"/>
							</lines>
						</method>
						<method name="&lt;init&gt;" signature="(Ljava/lang/String;I)V" line-rate="1.0" branch-rate="1.0" complexity="0">
							<lines>
							</lines>
						</method>
						<method name="valueOf" signature="(Ljava/lang/String;)Lpathfinder/Tila;" line-rate="1.0" branch-rate="1.0" complexity="0">
							<lines>
							</lines>
						</method>
						<method name="values" signature="()[Lpathfinder/Tila;" line-rate="1.0" branch-rate="1.0" complexity="0">
							<lines>
							</lines>
						</method>
					</methods>
					<lines>
						<line number="7" hits="4" branch="false"/>
						<line number="9" hits="1" branch="false"/>
					</lines>
				</class>
				<class name="pathfinder.Verkko" filename="pathfinder/Verkko.java" line-rate="1.0" branch-rate="1.0" complexity="1.0">
					<methods>
						<method name="&lt;init&gt;" signature="(I)V" line-rate="1.0" branch-rate="1.0" complexity="0">
							<lines>
								<line number="16" hits="4" branch="false"/>
								<line number="17" hits="4" branch="false"/>
								<line number="18" hits="4" branch="false"/>
								<line number="19" hits="4" branch="false"/>
							</lines>
						</method>
						<method name="lisaaKaari" signature="(III)V" line-rate="1.0" branch-rate="1.0" complexity="0">
							<lines>
								<line number="36" hits="20" branch="false"/>
								<line number="37" hits="20" branch="false"/>
								<line number="38" hits="20" branch="false"/>
							</lines>
						</method>
						<method name="lisaaSolmu" signature="(I)V" line-rate="1.0" branch-rate="1.0" complexity="0">
							<lines>
								<line number="26" hits="12" branch="false"/>
								<line number="27" hits="12" branch="false"/>
							</lines>
						</method>
					</methods>
					<lines>
						<line number="16" hits="4" branch="false"/>
						<line number="17" hits="4" branch="false"/>
						<line number="18" hits="4" branch="false"/>
						<line number="19" hits="4" branch="false"/>
						<line number="26" hits="12" branch="false"/>
						<line number="27" hits="12" branch="false"/>
						<line number="36" hits="20" branch="false"/>
						<line number="37" hits="20" branch="false"/>
						<line number="38" hits="20" branch="false"/>
					</lines>
				</class>
			</classes>
		</package>
	</packages>
</coverage>
